\BOOKMARK [1][-]{section.1}{\376\377\000T\000h\000\364\000n\000g\000\040\000t\000i\000n\000\040\000c\000h\000u\000n\000g}{}% 1
\BOOKMARK [1][-]{section.2}{\376\377\001\020\036\267\000t\000\040\000v\036\245\000n\000\040\001\021\036\301\000\040\000v\000\340\000\040\001\020\036\331\000n\000g\000\040\000l\036\361\000c}{}% 2
\BOOKMARK [2][-]{subsection.2.1}{\376\377\000H\000i\036\307\000n\000\040\000t\001\260\036\343\000n\000g\000\040\000N\000h\000i\036\305\000u\000\040\000l\000o\036\241\000n\000\040\000\050\000I\000n\000t\000e\000r\000f\000e\000r\000e\000n\000c\000e\000\051\000\040\000v\000\340\000\040\000S\000U\000T\000V\000A}{section.2}% 3
\BOOKMARK [2][-]{subsection.2.2}{\376\377\000K\000h\000\341\000i\000\040\000n\000i\036\307\000m\000\040\000N\000h\000i\036\305\000u\000\040\000l\000o\036\241\000n\000\040\000T\000r\036\241\000n\000g\000\040\000t\000h\000\341\000i\000\040\000c\000h\000u\000n\000g\000\040\000\050\000S\000h\000a\000r\000e\000d\000-\000S\000t\000a\000t\000e\000\040\000I\000n\000t\000e\000r\000f\000e\000r\000e\000n\000c\000e\000\051}{section.2}% 4
\BOOKMARK [2][-]{subsection.2.3}{\376\377\000H\036\241\000n\000\040\000c\000h\036\277\000\040\000c\036\347\000a\000\040\000n\000g\000h\000i\000\352\000n\000\040\000c\036\351\000u\000\040\000t\000r\001\260\036\333\000c\000\040\000v\000\340\000\040\001\020\000\363\000n\000g\000\040\000g\000\363\000p\000\040\000c\036\347\000a\000\040\000b\000\340\000i\000\040\000b\000\341\000o}{section.2}% 5
\BOOKMARK [1][-]{section.3}{\376\377\000M\000\364\000\040\000h\000\354\000n\000h\000\040\000h\000\363\000a\000\040\000S\000h\000a\000r\000e\000d\000-\000S\000t\000a\000t\000e\000\040\000I\000n\000t\000e\000r\000f\000e\000r\000e\000n\000c\000e}{}% 6
\BOOKMARK [2][-]{subsection.3.1}{\376\377\000T\000h\000i\036\277\000t\000\040\000l\036\255\000p\000\040\000m\000\364\000\040\000h\000\354\000n\000h\000\040\000t\000o\000\341\000n\000\040\000h\036\315\000c\000\040\000\050\000S\000e\000t\000t\000i\000n\000g\000\040\000\046\000\040\000N\000o\000t\000a\000t\000i\000o\000n\000\051}{section.3}% 7
\BOOKMARK [2][-]{subsection.3.2}{\376\377\000T\000\355\000n\000h\000\040\000c\000h\036\245\000t\000\040\000M\000a\000r\000k\000o\000v\000\040\000c\036\347\000a\000\040\000T\000r\036\241\000n\000g\000\040\000t\000h\000\341\000i\000\040\000c\000h\000u\000n\000g}{section.3}% 8
\BOOKMARK [2][-]{subsection.3.3}{\376\377\000C\000\341\000c\000\040\001\021\000i\036\301\000u\000\040\000k\000i\036\307\000n\000\040\000c\036\347\000a\000\040\000C\000h\000u\036\327\000i\000\040\000M\000a\000r\000k\000o\000v\000\040\000\050\000A\000s\000s\000u\000m\000p\000t\000i\000o\000n\000\040\0003\000.\0001\000\051}{section.3}% 9
\BOOKMARK [1][-]{section.4}{\376\377\000L\000\375\000\040\000t\000h\000u\000y\036\277\000t\000\040\000D\000o\000u\000b\000l\000e\000\040\000M\000a\000c\000h\000i\000n\000e\000\040\000L\000e\000a\000r\000n\000i\000n\000g\000\040\000c\000h\000o\000\040\000S\000S\000I}{}% 10
\BOOKMARK [2][-]{subsection.4.1}{\376\377\000M\000\364\000\040\000h\000\354\000n\000h\000\040\000b\000\340\000i\000\040\000t\000o\000\341\000n}{section.4}% 11
\BOOKMARK [2][-]{subsection.4.2}{\376\377\000\335\000\040\000t\001\260\036\337\000n\000g\000\040\000c\036\321\000t\000\040\000l\000\365\000i\000:\000\040\001\020\036\313\000n\000h\000\040\000l\000\375\000\040\000F\000r\000i\000s\000c\000h\000-\000W\000a\000u\000g\000h\000-\000L\000o\000v\000e\000l\000l\000\040\000\050\000F\000W\000L\000\051}{section.4}% 12
\BOOKMARK [2][-]{subsection.4.3}{\376\377\000V\036\245\000n\000\040\001\021\036\301\000\040\000k\000h\000i\000\040\000C\000r\000o\000s\000s\000-\000F\000i\000t\000t\000i\000n\000g\000\040\000g\036\267\000p\000\040\000S\000S\000I}{section.4}% 13
\BOOKMARK [2][-]{subsection.4.4}{\376\377\000G\000i\036\243\000i\000\040\000p\000h\000\341\000p\000\040\0001\000:\000\040\000A\000u\000x\000i\000l\000i\000a\000r\000y\000\040\000D\000a\000t\000a\000\040\000\050\000D\036\357\000\040\000l\000i\036\307\000u\000\040\000p\000h\036\345\000\040\000t\000r\036\343\000\040\001\021\036\331\000c\000\040\000l\036\255\000p\000\051}{section.4}% 14
\BOOKMARK [2][-]{subsection.4.5}{\376\377\000G\000i\036\243\000i\000\040\000p\000h\000\341\000p\000\040\0002\000:\000\040\000B\000l\000o\000c\000k\000\040\000C\000r\000o\000s\000s\000-\000F\000i\000t\000t\000i\000n\000g\000\040\000v\036\333\000i\000\040\000k\000h\000o\036\243\000n\000g\000\040\001\021\036\307\000m\000\040\000\050\000m\000-\000D\000e\000p\000e\000n\000d\000e\000n\000c\000e\000\051}{section.4}% 15
\BOOKMARK [2][-]{subsection.4.6}{\376\377\001\020\036\313\000n\000h\000\040\000l\000\375\000\040\000c\000h\000\355\000n\000h\000\040\000\050\000T\000h\000e\000o\000r\000e\000m\000\040\0004\000.\0003\000\051}{section.4}% 16
\BOOKMARK [3][-]{subsubsection.4.6.1}{\376\377\000C\000\341\000c\000\040\000g\000i\036\243\000\040\001\021\036\313\000n\000h\000\040\000c\036\247\000n\000\040\000t\000h\000i\036\277\000t}{subsection.4.6}% 17
\BOOKMARK [3][-]{subsubsection.4.6.2}{\376\377\000P\000h\000\341\000t\000\040\000b\000i\036\303\000u\000\040\001\021\036\313\000n\000h\000\040\000l\000\375\000\040\000v\000\340\000\040\000h\036\331\000i\000\040\000t\036\345}{subsection.4.6}% 18
\BOOKMARK [3][-]{subsubsection.4.6.3}{\376\377\000V\000a\000i\000\040\000t\000r\000\362\000\040\000c\036\347\000a\000\040\000h\000a\000i\000\040\000g\000i\036\243\000\040\001\021\036\313\000n\000h\000\040\000M\000a\000r\000k\000o\000v\000\040\000t\000r\000o\000n\000g\000\040\000h\036\331\000i\000\040\000t\036\345}{subsection.4.6}% 19
\BOOKMARK [1][-]{section.5}{\376\377\036\350\000n\000g\000\040\000d\036\345\000n\000g\000\040\000m\000\364\000\040\000h\000\354\000n\000h\000\040\000t\000h\036\361\000c\000\040\000t\036\277}{}% 20
\BOOKMARK [2][-]{subsection.5.1}{\376\377\036\350\000n\000g\000\040\000d\036\345\000n\000g\000\040\0001\000:\000\040\000T\000\341\000c\000\040\001\021\036\331\000n\000g\000\040\000T\000r\036\361\000c\000\040\000t\000i\036\277\000p\000\040\000T\000r\000u\000n\000g\000\040\000b\000\354\000n\000h\000\040\000\050\000A\000v\000e\000r\000a\000g\000e\000\040\000D\000i\000r\000e\000c\000t\000\040\000E\000f\000f\000e\000c\000t\000\040\040\024\000\040\000A\000D\000E\000\051}{section.5}% 21
\BOOKMARK [3][-]{subsubsection.5.1.1}{\376\377\000M\000\364\000\040\000h\000\354\000n\000h\000\040\000v\000\340\000\040\001\021\036\241\000i\000\040\000l\001\260\036\343\000n\000g\000\040\000m\036\345\000c\000\040\000t\000i\000\352\000u}{subsection.5.1}% 22
\BOOKMARK [3][-]{subsubsection.5.1.2}{\376\377\000B\036\331\000\040\001\260\036\333\000c\000\040\000l\001\260\036\343\000n\000g\000\040\000A\000D\000E\000\040\000\050\000A\000I\000P\000W\000\040\000c\000\363\000\040\001\021\000i\036\301\000u\000\040\000c\000h\036\311\000n\000h\000\040\000H\000t\000\051}{subsection.5.1}% 23
\BOOKMARK [2][-]{subsection.5.2}{\376\377\036\350\000n\000g\000\040\000d\036\345\000n\000g\000\040\0002\000:\000\040\000T\000\341\000c\000\040\001\021\036\331\000n\000g\000\040\000T\000o\000\340\000n\000\040\000c\036\345\000c\000\040\000T\000r\000u\000n\000g\000\040\000b\000\354\000n\000h\000\040\000\050\000G\000A\000T\000E\000\051\000\040\000t\000r\000o\000n\000g\000\040\000S\000w\000i\000t\000c\000h\000b\000a\000c\000k\000\040\000E\000x\000p\000e\000r\000i\000m\000e\000n\000t\000s}{section.5}% 24
\BOOKMARK [3][-]{subsubsection.5.2.1}{\376\377\000M\000\364\000\040\000h\000\354\000n\000h\000\040\000v\000\340\000\040\001\021\036\241\000i\000\040\000l\001\260\036\343\000n\000g\000\040\000m\036\345\000c\000\040\000t\000i\000\352\000u}{subsection.5.2}% 25
\BOOKMARK [3][-]{subsubsection.5.2.2}{\376\377\000B\036\331\000\040\001\260\036\333\000c\000\040\000l\001\260\036\343\000n\000g\000\040\000G\000A\000T\000E\000\040\000\050\000R\000e\000g\000r\000e\000s\000s\000i\000o\000n\000\040\000A\000d\000j\000u\000s\000t\000m\000e\000n\000t\000\040\000+\000\040\000D\000e\000b\000i\000a\000s\000i\000n\000g\000\051}{subsection.5.2}% 26
\BOOKMARK [1][-]{section.6}{\376\377\000K\036\277\000t\000\040\000q\000u\036\243\000\040\000M\000\364\000\040\000p\000h\036\317\000n\000g\000\040\000T\000h\036\361\000c\000\040\000n\000g\000h\000i\036\307\000m}{}% 27
\BOOKMARK [2][-]{subsection.6.1}{\376\377\000T\000h\036\361\000c\000\040\000n\000g\000h\000i\036\307\000m\000\040\000c\000h\000o\000\040\000A\000D\000E\000\040\000\050\000H\000\354\000n\000h\000\040\0005\000\040\000\046\000\040\000H\000\354\000n\000h\000\040\0006\000\051}{section.6}% 28
\BOOKMARK [3][-]{subsubsection.6.1.1}{\376\377\000T\000h\000i\036\277\000t\000\040\000l\036\255\000p\000\040\000m\000\364\000\040\000p\000h\036\317\000n\000g}{subsection.6.1}% 29
\BOOKMARK [3][-]{subsubsection.6.1.2}{\376\377\000K\036\277\000t\000\040\000q\000u\036\243}{subsection.6.1}% 30
\BOOKMARK [2][-]{subsection.6.2}{\376\377\000T\000h\036\361\000c\000\040\000n\000g\000h\000i\036\307\000m\000\040\000c\000h\000o\000\040\000G\000A\000T\000E\000\040\000t\000r\000o\000n\000g\000\040\000S\000w\000i\000t\000c\000h\000b\000a\000c\000k\000\040\000\050\000H\000\354\000n\000h\000\040\0007\000,\000\040\000H\000\354\000n\000h\000\040\0008\000\040\000\046\000\040\000H\000\354\000n\000h\000\040\0009\000\051}{section.6}% 31
\BOOKMARK [3][-]{subsubsection.6.2.1}{\376\377\000T\000h\000i\036\277\000t\000\040\000l\036\255\000p\000\040\000m\000\364\000\040\000p\000h\036\317\000n\000g}{subsection.6.2}% 32
\BOOKMARK [3][-]{subsubsection.6.2.2}{\376\377\000K\036\277\000t\000\040\000q\000u\036\243}{subsection.6.2}% 33
\BOOKMARK [1][-]{section.7}{\376\377\000K\036\277\000t\000\040\000l\000u\036\255\000n\000\040\000v\000\340\000\040\000T\000h\036\243\000o\000\040\000l\000u\036\255\000n}{}% 34
\BOOKMARK [2][-]{subsection.7.1}{\376\377\000T\036\325\000n\000g\000\040\000k\036\277\000t\000\040\001\021\000\363\000n\000g\000\040\000g\000\363\000p}{section.7}% 35
\BOOKMARK [2][-]{subsection.7.2}{\376\377\000H\036\241\000n\000\040\000c\000h\036\277}{section.7}% 36
\BOOKMARK [2][-]{subsection.7.3}{\376\377\000H\001\260\036\333\000n\000g\000\040\000m\036\337\000\040\000r\036\331\000n\000g}{section.7}% 37
\BOOKMARK [1][-]{section.8}{\376\377\000N\000g\000u\036\323\000n\000\040\000t\000h\000a\000m\000\040\000k\000h\036\243\000o}{}% 38
